<?xml version="1.0" encoding="UTF-8"?>
<!-- Generated by org.testng.reporters.JUnitReportReporter -->
<testsuite skipped="0" hostname="DESKTOP-KNV2EK2" name="TestCases.TC_01_SignIn" tests="1" failures="0" timestamp="27 Jan 2019 13:20:29 GMT" time="18.630" errors="0">
  <testcase name="login" time="18.630" classname="TestCases.TC_01_SignIn"/>
</testsuite> <!-- TestCases.TC_01_SignIn -->
