<?xml version="1.0" encoding="UTF-8"?>
<!-- Generated by org.testng.reporters.JUnitReportReporter -->
<testsuite skipped="0" hostname="DESKTOP-KNV2EK2" name="TestCases.TC_02_Flight_Booking" tests="1" failures="0" timestamp="28 Jan 2019 11:54:16 GMT" time="37.006" errors="0">
  <testcase name="enter_From" time="37.006" classname="TestCases.TC_02_Flight_Booking"/>
</testsuite> <!-- TestCases.TC_02_Flight_Booking -->
